<?xml version="1.0" encoding="UTF-8"?>
<robot generator="Robot 3.2.2 (Python 3.9.1 on darwin)" generated="20210218 12:00:13.702" rpa="false">
<suite id="s1" name="Tests" source="/Users/jonnahagberg/PycharmProjects/TestSelenium/Tests">
<suite id="s1-s1" name="Webtest" source="/Users/jonnahagberg/PycharmProjects/TestSelenium/Tests/webtest.robot">
<test id="s1-s1-t1" name="User can access website">
<kw name="Open Browser" library="SeleniumLibrary">
<doc>Opens a new browser instance to the optional ``url``.</doc>
<arguments>
<arg>about:blank</arg>
<arg>chrome</arg>
</arguments>
<msg timestamp="20210218 12:00:13.886" level="INFO">Opening browser 'chrome' to base url 'about:blank'.</msg>
<status status="PASS" starttime="20210218 12:00:13.886" endtime="20210218 12:00:16.443"></status>
</kw>
<kw name="Go To" library="SeleniumLibrary">
<doc>Navigates the current browser window to the provided ``url``.</doc>
<arguments>
<arg>https://www.willys.se/</arg>
</arguments>
<msg timestamp="20210218 12:00:16.445" level="INFO">Opening url 'https://www.willys.se/'</msg>
<status status="PASS" starttime="20210218 12:00:16.444" endtime="20210218 12:00:18.914"></status>
</kw>
<kw name="Wait Until Page Contains" library="SeleniumLibrary">
<doc>Waits until ``text`` appears on the current page.</doc>
<arguments>
<arg>Handla billig mat online</arg>
</arguments>
<status status="PASS" starttime="20210218 12:00:18.915" endtime="20210218 12:00:18.992"></status>
</kw>
<kw name="Close Browser" library="SeleniumLibrary">
<doc>Closes the current browser.</doc>
<status status="PASS" starttime="20210218 12:00:18.992" endtime="20210218 12:00:19.151"></status>
</kw>
<doc>Testar Willys hemsida.</doc>
<tags>
<tag>Test 1</tag>
</tags>
<status status="PASS" starttime="20210218 12:00:13.885" endtime="20210218 12:00:19.152" critical="yes"></status>
</test>
<doc>Testar Selenium och RobotFrameworks.</doc>
<status status="PASS" starttime="20210218 12:00:13.728" endtime="20210218 12:00:19.156"></status>
</suite>
<status status="PASS" starttime="20210218 12:00:13.703" endtime="20210218 12:00:19.162"></status>
</suite>
<statistics>
<total>
<stat pass="1" fail="0">Critical Tests</stat>
<stat pass="1" fail="0">All Tests</stat>
</total>
<tag>
<stat pass="1" fail="0">Test 1</stat>
</tag>
<suite>
<stat pass="1" fail="0" id="s1" name="Tests">Tests</stat>
<stat pass="1" fail="0" id="s1-s1" name="Webtest">Tests.Webtest</stat>
</suite>
</statistics>
<errors>
</errors>
</robot>
